{"timestamp":"2026-02-05T03:21:28.140538Z","level":"info","event":"DAG bundles loaded: dags-folder","logger":"airflow.dag_processing.bundles.manager.DagBundlesManager","filename":"manager.py","lineno":179}
{"timestamp":"2026-02-05T03:21:28.141639Z","level":"info","event":"Filling up the DagBag from /opt/airflow/dags/generate_and_upload_to_s3.py","logger":"airflow.models.dagbag.DagBag","filename":"dagbag.py","lineno":593}
{"timestamp":"2026-02-05T03:21:28.312595Z","level":"info","event":"Tmp dir root location: /tmp","logger":"airflow.task.hooks.airflow.providers.standard.hooks.subprocess.SubprocessHook","filename":"subprocess.py","lineno":78}
{"timestamp":"2026-02-05T03:21:28.313162Z","level":"info","event":"Running command: ['/usr/bin/bash', '-c', 'python3 /opt/airflow/scripts/data_generator_2.py 2026 2 3']","logger":"airflow.task.hooks.airflow.providers.standard.hooks.subprocess.SubprocessHook","filename":"subprocess.py","lineno":80}
{"timestamp":"2026-02-05T03:21:28.313858Z","level":"info","event":"Output:","logger":"airflow.task.hooks.airflow.providers.standard.hooks.subprocess.SubprocessHook","filename":"subprocess.py","lineno":92}
{"timestamp":"2026-02-05T03:21:31.494138Z","level":"info","event":"Initializing Enhanced Retail Data Generator with Realistic Quality Issues...","logger":"airflow.task.hooks.airflow.providers.standard.hooks.subprocess.SubprocessHook","filename":"subprocess.py","lineno":99}
{"timestamp":"2026-02-05T03:21:31.494288Z","level":"info","event":"======================================================================","logger":"airflow.task.hooks.airflow.providers.standard.hooks.subprocess.SubprocessHook","filename":"subprocess.py","lineno":99}
{"timestamp":"2026-02-05T03:21:31.494342Z","level":"info","event":"Loading existing master data...","logger":"airflow.task.hooks.airflow.providers.standard.hooks.subprocess.SubprocessHook","filename":"subprocess.py","lineno":99}
{"timestamp":"2026-02-05T03:21:31.494382Z","level":"info","event":"Loaded 30 stores, 15000 products, 71500 customers","logger":"airflow.task.hooks.airflow.providers.standard.hooks.subprocess.SubprocessHook","filename":"subprocess.py","lineno":99}
{"timestamp":"2026-02-05T03:21:31.494418Z","level":"info","event":"","logger":"airflow.task.hooks.airflow.providers.standard.hooks.subprocess.SubprocessHook","filename":"subprocess.py","lineno":99}
{"timestamp":"2026-02-05T03:21:31.494453Z","level":"info","event":"Generating transaction data for 2026-2-3...","logger":"airflow.task.hooks.airflow.providers.standard.hooks.subprocess.SubprocessHook","filename":"subprocess.py","lineno":99}
{"timestamp":"2026-02-05T03:21:31.494495Z","level":"info","event":"Generated 4600 transactions for 2026-02-03","logger":"airflow.task.hooks.airflow.providers.standard.hooks.subprocess.SubprocessHook","filename":"subprocess.py","lineno":99}
{"timestamp":"2026-02-05T03:21:31.494533Z","level":"info","event":"Total revenue: $38,256,096.48","logger":"airflow.task.hooks.airflow.providers.standard.hooks.subprocess.SubprocessHook","filename":"subprocess.py","lineno":99}
{"timestamp":"2026-02-05T03:21:31.494567Z","level":"info","event":"Data quality issues: 600 duplicates, 255 failed, 237 missing timestamps","logger":"airflow.task.hooks.airflow.providers.standard.hooks.subprocess.SubprocessHook","filename":"subprocess.py","lineno":99}
{"timestamp":"2026-02-05T03:21:31.494600Z","level":"info","event":"Files saved: /tmp/retail_data/transactions/transactions_2026-02-03.parquet, /tmp/retail_data/transactions/daily_summary_2026-02-03.json","logger":"airflow.task.hooks.airflow.providers.standard.hooks.subprocess.SubprocessHook","filename":"subprocess.py","lineno":99}
{"timestamp":"2026-02-05T03:21:31.494636Z","level":"info","event":"","logger":"airflow.task.hooks.airflow.providers.standard.hooks.subprocess.SubprocessHook","filename":"subprocess.py","lineno":99}
{"timestamp":"2026-02-05T03:21:31.494670Z","level":"info","event":"Data generation complete!","logger":"airflow.task.hooks.airflow.providers.standard.hooks.subprocess.SubprocessHook","filename":"subprocess.py","lineno":99}
{"timestamp":"2026-02-05T03:21:31.494703Z","level":"info","event":"======================================================================","logger":"airflow.task.hooks.airflow.providers.standard.hooks.subprocess.SubprocessHook","filename":"subprocess.py","lineno":99}
{"timestamp":"2026-02-05T03:21:31.494736Z","level":"info","event":"","logger":"airflow.task.hooks.airflow.providers.standard.hooks.subprocess.SubprocessHook","filename":"subprocess.py","lineno":99}
{"timestamp":"2026-02-05T03:21:31.494792Z","level":"info","event":"Enhanced Data Quality Issues Implemented:","logger":"airflow.task.hooks.airflow.providers.standard.hooks.subprocess.SubprocessHook","filename":"subprocess.py","lineno":99}
{"timestamp":"2026-02-05T03:21:31.494834Z","level":"info","event":"✓ 30% Missing Values:","logger":"airflow.task.hooks.airflow.providers.standard.hooks.subprocess.SubprocessHook","filename":"subprocess.py","lineno":99}
{"timestamp":"2026-02-05T03:21:31.494871Z","level":"info","event":"  - 35% missing customer emails","logger":"airflow.task.hooks.airflow.providers.standard.hooks.subprocess.SubprocessHook","filename":"subprocess.py","lineno":99}
{"timestamp":"2026-02-05T03:21:31.494906Z","level":"info","event":"  - 40% missing phone numbers","logger":"airflow.task.hooks.airflow.providers.standard.hooks.subprocess.SubprocessHook","filename":"subprocess.py","lineno":99}
{"timestamp":"2026-02-05T03:21:31.494940Z","level":"info","event":"  - 25% missing addresses","logger":"airflow.task.hooks.airflow.providers.standard.hooks.subprocess.SubprocessHook","filename":"subprocess.py","lineno":99}
{"timestamp":"2026-02-05T03:21:31.494974Z","level":"info","event":"  - 30% missing product descriptions","logger":"airflow.task.hooks.airflow.providers.standard.hooks.subprocess.SubprocessHook","filename":"subprocess.py","lineno":99}
{"timestamp":"2026-02-05T03:21:31.495008Z","level":"info","event":"  - 20% missing cashier IDs","logger":"airflow.task.hooks.airflow.providers.standard.hooks.subprocess.SubprocessHook","filename":"subprocess.py","lineno":99}
{"timestamp":"2026-02-05T03:21:31.495042Z","level":"info","event":"","logger":"airflow.task.hooks.airflow.providers.standard.hooks.subprocess.SubprocessHook","filename":"subprocess.py","lineno":99}
{"timestamp":"2026-02-05T03:21:31.495076Z","level":"info","event":"✓ 30% Duplicates:","logger":"airflow.task.hooks.airflow.providers.standard.hooks.subprocess.SubprocessHook","filename":"subprocess.py","lineno":99}
{"timestamp":"2026-02-05T03:21:31.495110Z","level":"info","event":"  - 30% duplicate customers with variations","logger":"airflow.task.hooks.airflow.providers.standard.hooks.subprocess.SubprocessHook","filename":"subprocess.py","lineno":99}
{"timestamp":"2026-02-05T03:21:31.495143Z","level":"info","event":"  - 25% duplicate products","logger":"airflow.task.hooks.airflow.providers.standard.hooks.subprocess.SubprocessHook","filename":"subprocess.py","lineno":99}
{"timestamp":"2026-02-05T03:21:31.495177Z","level":"info","event":"  - 15% duplicate transactions","logger":"airflow.task.hooks.airflow.providers.standard.hooks.subprocess.SubprocessHook","filename":"subprocess.py","lineno":99}
{"timestamp":"2026-02-05T03:21:31.495211Z","level":"info","event":"  - 20% duplicate stores","logger":"airflow.task.hooks.airflow.providers.standard.hooks.subprocess.SubprocessHook","filename":"subprocess.py","lineno":99}
{"timestamp":"2026-02-05T03:21:31.495243Z","level":"info","event":"","logger":"airflow.task.hooks.airflow.providers.standard.hooks.subprocess.SubprocessHook","filename":"subprocess.py","lineno":99}
{"timestamp":"2026-02-05T03:21:31.495276Z","level":"info","event":"✓ Timestamp Issues:","logger":"airflow.task.hooks.airflow.providers.standard.hooks.subprocess.SubprocessHook","filename":"subprocess.py","lineno":99}
{"timestamp":"2026-02-05T03:21:31.495311Z","level":"info","event":"  - 25% delayed timestamps (batch processing)","logger":"airflow.task.hooks.airflow.providers.standard.hooks.subprocess.SubprocessHook","filename":"subprocess.py","lineno":99}
{"timestamp":"2026-02-05T03:21:31.495344Z","level":"info","event":"  - 10% batch processing delays","logger":"airflow.task.hooks.airflow.providers.standard.hooks.subprocess.SubprocessHook","filename":"subprocess.py","lineno":99}
{"timestamp":"2026-02-05T03:21:31.495378Z","level":"info","event":"  - 8% timezone inconsistencies","logger":"airflow.task.hooks.airflow.providers.standard.hooks.subprocess.SubprocessHook","filename":"subprocess.py","lineno":99}
{"timestamp":"2026-02-05T03:21:31.495412Z","level":"info","event":"  - 5% system clock drift","logger":"airflow.task.hooks.airflow.providers.standard.hooks.subprocess.SubprocessHook","filename":"subprocess.py","lineno":99}
{"timestamp":"2026-02-05T03:21:31.495445Z","level":"info","event":"  - 2% future timestamps","logger":"airflow.task.hooks.airflow.providers.standard.hooks.subprocess.SubprocessHook","filename":"subprocess.py","lineno":99}
{"timestamp":"2026-02-05T03:21:31.495478Z","level":"info","event":"","logger":"airflow.task.hooks.airflow.providers.standard.hooks.subprocess.SubprocessHook","filename":"subprocess.py","lineno":99}
{"timestamp":"2026-02-05T03:21:31.495512Z","level":"info","event":"✓ Additional Real-World Issues:","logger":"airflow.task.hooks.airflow.providers.standard.hooks.subprocess.SubprocessHook","filename":"subprocess.py","lineno":99}
{"timestamp":"2026-02-05T03:21:31.495546Z","level":"info","event":"  - 12% invalid email formats","logger":"airflow.task.hooks.airflow.providers.standard.hooks.subprocess.SubprocessHook","filename":"subprocess.py","lineno":99}
{"timestamp":"2026-02-05T03:21:31.495579Z","level":"info","event":"  - 25% inconsistent phone formatting","logger":"airflow.task.hooks.airflow.providers.standard.hooks.subprocess.SubprocessHook","filename":"subprocess.py","lineno":99}
{"timestamp":"2026-02-05T03:21:31.495616Z","level":"info","event":"  - 8% price inconsistencies","logger":"airflow.task.hooks.airflow.providers.standard.hooks.subprocess.SubprocessHook","filename":"subprocess.py","lineno":99}
{"timestamp":"2026-02-05T03:21:31.495649Z","level":"info","event":"  - 3% negative quantities","logger":"airflow.task.hooks.airflow.providers.standard.hooks.subprocess.SubprocessHook","filename":"subprocess.py","lineno":99}
{"timestamp":"2026-02-05T03:21:31.495681Z","level":"info","event":"  - 5% extreme/unrealistic prices","logger":"airflow.task.hooks.airflow.providers.standard.hooks.subprocess.SubprocessHook","filename":"subprocess.py","lineno":99}
{"timestamp":"2026-02-05T03:21:31.495713Z","level":"info","event":"  - 8% encoding/special character issues","logger":"airflow.task.hooks.airflow.providers.standard.hooks.subprocess.SubprocessHook","filename":"subprocess.py","lineno":99}
{"timestamp":"2026-02-05T03:21:31.495746Z","level":"info","event":"  - 15% data type inconsistencies","logger":"airflow.task.hooks.airflow.providers.standard.hooks.subprocess.SubprocessHook","filename":"subprocess.py","lineno":99}
{"timestamp":"2026-02-05T03:21:31.495779Z","level":"info","event":"  - 10% reference integrity errors","logger":"airflow.task.hooks.airflow.providers.standard.hooks.subprocess.SubprocessHook","filename":"subprocess.py","lineno":99}
{"timestamp":"2026-02-05T03:21:31.495811Z","level":"info","event":"","logger":"airflow.task.hooks.airflow.providers.standard.hooks.subprocess.SubprocessHook","filename":"subprocess.py","lineno":99}
{"timestamp":"2026-02-05T03:21:31.495875Z","level":"info","event":"======================================================================","logger":"airflow.task.hooks.airflow.providers.standard.hooks.subprocess.SubprocessHook","filename":"subprocess.py","lineno":99}
{"timestamp":"2026-02-05T03:21:31.495916Z","level":"info","event":"Files Generated:","logger":"airflow.task.hooks.airflow.providers.standard.hooks.subprocess.SubprocessHook","filename":"subprocess.py","lineno":99}
{"timestamp":"2026-02-05T03:21:31.495953Z","level":"info","event":"📁 Master Data (generated once):","logger":"airflow.task.hooks.airflow.providers.standard.hooks.subprocess.SubprocessHook","filename":"subprocess.py","lineno":99}
{"timestamp":"2026-02-05T03:21:31.495989Z","level":"info","event":"  - stores.parquet (store information)","logger":"airflow.task.hooks.airflow.providers.standard.hooks.subprocess.SubprocessHook","filename":"subprocess.py","lineno":99}
{"timestamp":"2026-02-05T03:21:31.496023Z","level":"info","event":"  - products.parquet (product catalog)","logger":"airflow.task.hooks.airflow.providers.standard.hooks.subprocess.SubprocessHook","filename":"subprocess.py","lineno":99}
{"timestamp":"2026-02-05T03:21:31.496056Z","level":"info","event":"  - customers.parquet (customer database)","logger":"airflow.task.hooks.airflow.providers.standard.hooks.subprocess.SubprocessHook","filename":"subprocess.py","lineno":99}
{"timestamp":"2026-02-05T03:21:31.496089Z","level":"info","event":"  - data_quality_report.json (quality metrics)","logger":"airflow.task.hooks.airflow.providers.standard.hooks.subprocess.SubprocessHook","filename":"subprocess.py","lineno":99}
{"timestamp":"2026-02-05T03:21:31.496122Z","level":"info","event":"","logger":"airflow.task.hooks.airflow.providers.standard.hooks.subprocess.SubprocessHook","filename":"subprocess.py","lineno":99}
{"timestamp":"2026-02-05T03:21:31.496155Z","level":"info","event":"📁 Daily Data (generated each run):","logger":"airflow.task.hooks.airflow.providers.standard.hooks.subprocess.SubprocessHook","filename":"subprocess.py","lineno":99}
{"timestamp":"2026-02-05T03:21:31.496189Z","level":"info","event":"  - transactions_2026-02-03.parquet (daily transactions)","logger":"airflow.task.hooks.airflow.providers.standard.hooks.subprocess.SubprocessHook","filename":"subprocess.py","lineno":99}
{"timestamp":"2026-02-05T03:21:31.496223Z","level":"info","event":"  - daily_summary_2026-02-03.json (daily analytics)","logger":"airflow.task.hooks.airflow.providers.standard.hooks.subprocess.SubprocessHook","filename":"subprocess.py","lineno":99}
{"timestamp":"2026-02-05T03:21:31.496255Z","level":"info","event":"","logger":"airflow.task.hooks.airflow.providers.standard.hooks.subprocess.SubprocessHook","filename":"subprocess.py","lineno":99}
{"timestamp":"2026-02-05T03:21:31.496288Z","level":"info","event":"======================================================================","logger":"airflow.task.hooks.airflow.providers.standard.hooks.subprocess.SubprocessHook","filename":"subprocess.py","lineno":99}
{"timestamp":"2026-02-05T03:21:31.496321Z","level":"info","event":"Usage Examples:","logger":"airflow.task.hooks.airflow.providers.standard.hooks.subprocess.SubprocessHook","filename":"subprocess.py","lineno":99}
{"timestamp":"2026-02-05T03:21:31.496354Z","level":"info","event":"import pandas as pd","logger":"airflow.task.hooks.airflow.providers.standard.hooks.subprocess.SubprocessHook","filename":"subprocess.py","lineno":99}
{"timestamp":"2026-02-05T03:21:31.496387Z","level":"info","event":"import json","logger":"airflow.task.hooks.airflow.providers.standard.hooks.subprocess.SubprocessHook","filename":"subprocess.py","lineno":99}
{"timestamp":"2026-02-05T03:21:31.496420Z","level":"info","event":"","logger":"airflow.task.hooks.airflow.providers.standard.hooks.subprocess.SubprocessHook","filename":"subprocess.py","lineno":99}
{"timestamp":"2026-02-05T03:21:31.496453Z","level":"info","event":"# Load transaction data","logger":"airflow.task.hooks.airflow.providers.standard.hooks.subprocess.SubprocessHook","filename":"subprocess.py","lineno":99}
{"timestamp":"2026-02-05T03:21:31.496486Z","level":"info","event":"df = pd.read_parquet('/tmp/retail_data/transactions/transactions_2026-02-03.parquet')","logger":"airflow.task.hooks.airflow.providers.standard.hooks.subprocess.SubprocessHook","filename":"subprocess.py","lineno":99}
{"timestamp":"2026-02-05T03:21:31.496520Z","level":"info","event":"","logger":"airflow.task.hooks.airflow.providers.standard.hooks.subprocess.SubprocessHook","filename":"subprocess.py","lineno":99}
{"timestamp":"2026-02-05T03:21:31.496553Z","level":"info","event":"# Load quality report","logger":"airflow.task.hooks.airflow.providers.standard.hooks.subprocess.SubprocessHook","filename":"subprocess.py","lineno":99}
{"timestamp":"2026-02-05T03:21:31.496586Z","level":"info","event":"with open('/tmp/retail_data/transactions/data_quality_report.json') as f:","logger":"airflow.task.hooks.airflow.providers.standard.hooks.subprocess.SubprocessHook","filename":"subprocess.py","lineno":99}
{"timestamp":"2026-02-05T03:21:31.496619Z","level":"info","event":"    quality_report = json.load(f)","logger":"airflow.task.hooks.airflow.providers.standard.hooks.subprocess.SubprocessHook","filename":"subprocess.py","lineno":99}
{"timestamp":"2026-02-05T03:21:31.496651Z","level":"info","event":"","logger":"airflow.task.hooks.airflow.providers.standard.hooks.subprocess.SubprocessHook","filename":"subprocess.py","lineno":99}
{"timestamp":"2026-02-05T03:21:31.496682Z","level":"info","event":"# Check for duplicates","logger":"airflow.task.hooks.airflow.providers.standard.hooks.subprocess.SubprocessHook","filename":"subprocess.py","lineno":99}
{"timestamp":"2026-02-05T03:21:31.496715Z","level":"info","event":"duplicates = df[df.duplicated(['customer_id', 'datetime'], keep=False)]","logger":"airflow.task.hooks.airflow.providers.standard.hooks.subprocess.SubprocessHook","filename":"subprocess.py","lineno":99}
{"timestamp":"2026-02-05T03:21:31.496748Z","level":"info","event":"","logger":"airflow.task.hooks.airflow.providers.standard.hooks.subprocess.SubprocessHook","filename":"subprocess.py","lineno":99}
{"timestamp":"2026-02-05T03:21:31.496781Z","level":"info","event":"# Check for missing values","logger":"airflow.task.hooks.airflow.providers.standard.hooks.subprocess.SubprocessHook","filename":"subprocess.py","lineno":99}
{"timestamp":"2026-02-05T03:21:31.496814Z","level":"info","event":"missing_data = df.isnull().sum()","logger":"airflow.task.hooks.airflow.providers.standard.hooks.subprocess.SubprocessHook","filename":"subprocess.py","lineno":99}
{"timestamp":"2026-02-05T03:21:31.496846Z","level":"info","event":"","logger":"airflow.task.hooks.airflow.providers.standard.hooks.subprocess.SubprocessHook","filename":"subprocess.py","lineno":99}
{"timestamp":"2026-02-05T03:21:31.496878Z","level":"info","event":"# Analyze timestamp issues","logger":"airflow.task.hooks.airflow.providers.standard.hooks.subprocess.SubprocessHook","filename":"subprocess.py","lineno":99}
{"timestamp":"2026-02-05T03:21:31.496911Z","level":"info","event":"timestamp_issues = df[df['datetime'].isnull()]","logger":"airflow.task.hooks.airflow.providers.standard.hooks.subprocess.SubprocessHook","filename":"subprocess.py","lineno":99}
{"timestamp":"2026-02-05T03:21:31.575705Z","level":"info","event":"Command exited with return code 0","logger":"airflow.task.hooks.airflow.providers.standard.hooks.subprocess.SubprocessHook","filename":"subprocess.py","lineno":103}
{"timestamp":"2026-02-05T03:21:31.576168Z","level":"info","event":"Pushing xcom","ti":"RuntimeTaskInstance(id=UUID('019c2bd1-a183-70bf-8ae1-7b56608e249f'), task_id='generate_retail_data', dag_id='retail_pipeline', run_id='scheduled__2026-02-03T00:00:00+00:00', try_number=1, dag_version_id=UUID('019c2bad-350d-7bfb-a628-dd431c06605a'), map_index=-1, hostname='62da179f3403', context_carrier={}, task=<Task(BashOperator): generate_retail_data>, bundle_instance=LocalDagBundle(name=dags-folder), max_tries=3, start_date=datetime.datetime(2026, 2, 5, 3, 21, 28, 107456, tzinfo=datetime.timezone.utc), end_date=None, state=<TaskInstanceState.RUNNING: 'running'>, is_mapped=False, rendered_map_index=None)","logger":"task","filename":"task_runner.py","lineno":1450}
